<?xml version="1.0" encoding="UTF-8"?>
<coverage generated="1773963522673" clover="3.2.0">
  <project timestamp="1773963522673" name="All files">
    <metrics statements="37" coveredstatements="36" conditionals="23" coveredconditionals="17" methods="4" coveredmethods="4" elements="64" coveredelements="57" complexity="0" loc="37" ncloc="37" packages="1" files="1" classes="1"/>
    <file name="layout.ts" path="/home/drei/my_project/builder/claude-quickstarts/autonomous-coding/generations/PromptForge_v2/frontend/src/lib/components/patterns/utils/layout.ts">
      <metrics statements="37" coveredstatements="36" conditionals="23" coveredconditionals="17" methods="4" coveredmethods="4"/>
      <line num="6" count="3" type="stmt"/>
      <line num="7" count="3" type="stmt"/>
      <line num="8" count="6" type="cond" truecount="1" falsecount="1"/>
      <line num="9" count="6" type="cond" truecount="2" falsecount="0"/>
      <line num="10" count="6" type="stmt"/>
      <line num="12" count="3" type="stmt"/>
      <line num="14" count="3" type="stmt"/>
      <line num="15" count="3" type="stmt"/>
      <line num="16" count="3" type="stmt"/>
      <line num="18" count="3" type="stmt"/>
      <line num="19" count="4" type="stmt"/>
      <line num="20" count="4" type="stmt"/>
      <line num="21" count="4" type="stmt"/>
      <line num="22" count="4" type="stmt"/>
      <line num="23" count="4" type="stmt"/>
      <line num="24" count="4" type="stmt"/>
      <line num="26" count="3" type="stmt"/>
      <line num="35" count="1" type="stmt"/>
      <line num="37" count="1" type="stmt"/>
      <line num="39" count="1" type="stmt"/>
      <line num="40" count="2" type="stmt"/>
      <line num="41" count="2" type="stmt"/>
      <line num="44" count="2" type="cond" truecount="3" falsecount="1"/>
      <line num="47" count="2" type="cond" truecount="1" falsecount="1"/>
      <line num="49" count="2" type="stmt"/>
      <line num="50" count="3" type="stmt"/>
      <line num="51" count="3" type="stmt"/>
      <line num="52" count="3" type="stmt"/>
      <line num="55" count="3" type="cond" truecount="1" falsecount="1"/>
      <line num="56" count="3" type="stmt"/>
      <line num="60" count="1" type="stmt"/>
      <line num="65" count="1" type="cond" truecount="5" falsecount="1"/>
      <line num="66" count="0" type="stmt"/>
      <line num="69" count="1" type="stmt"/>
      <line num="70" count="1" type="stmt"/>
      <line num="73" count="1" type="cond" truecount="3" falsecount="1"/>
      <line num="75" count="1" type="stmt"/>
    </file>
  </project>
</coverage>
