{"/home/drei/my_project/builder/claude-quickstarts/autonomous-coding/generations/PromptForge_v2/frontend/src/lib/components/patterns/utils/layout.ts": {"path":"/home/drei/my_project/builder/claude-quickstarts/autonomous-coding/generations/PromptForge_v2/frontend/src/lib/components/patterns/utils/layout.ts","statementMap":{"0":{"start":{"line":6,"column":22},"end":{"line":6,"column":null}},"1":{"start":{"line":7,"column":4},"end":{"line":11,"column":null}},"2":{"start":{"line":8,"column":16},"end":{"line":8,"column":null}},"3":{"start":{"line":9,"column":6},"end":{"line":9,"column":null}},"4":{"start":{"line":9,"column":29},"end":{"line":9,"column":null}},"5":{"start":{"line":10,"column":6},"end":{"line":10,"column":null}},"6":{"start":{"line":12,"column":20},"end":{"line":12,"column":null}},"7":{"start":{"line":14,"column":19},"end":{"line":14,"column":null}},"8":{"start":{"line":15,"column":22},"end":{"line":15,"column":null}},"9":{"start":{"line":16,"column":26},"end":{"line":16,"column":null}},"10":{"start":{"line":18,"column":4},"end":{"line":25,"column":null}},"11":{"start":{"line":19,"column":20},"end":{"line":19,"column":null}},"12":{"start":{"line":20,"column":21},"end":{"line":20,"column":null}},"13":{"start":{"line":21,"column":20},"end":{"line":21,"column":null}},"14":{"start":{"line":22,"column":18},"end":{"line":22,"column":null}},"15":{"start":{"line":23,"column":6},"end":{"line":23,"column":null}},"16":{"start":{"line":24,"column":6},"end":{"line":24,"column":null}},"17":{"start":{"line":26,"column":4},"end":{"line":26,"column":null}},"18":{"start":{"line":35,"column":20},"end":{"line":35,"column":null}},"19":{"start":{"line":37,"column":21},"end":{"line":37,"column":null}},"20":{"start":{"line":39,"column":2},"end":{"line":59,"column":null}},"21":{"start":{"line":40,"column":17},"end":{"line":40,"column":null}},"22":{"start":{"line":41,"column":19},"end":{"line":41,"column":null}},"23":{"start":{"line":44,"column":4},"end":{"line":44,"column":null}},"24":{"start":{"line":44,"column":26},"end":{"line":44,"column":null}},"25":{"start":{"line":47,"column":17},"end":{"line":47,"column":null}},"26":{"start":{"line":49,"column":4},"end":{"line":58,"column":null}},"27":{"start":{"line":50,"column":20},"end":{"line":50,"column":null}},"28":{"start":{"line":51,"column":16},"end":{"line":51,"column":null}},"29":{"start":{"line":52,"column":16},"end":{"line":52,"column":null}},"30":{"start":{"line":55,"column":6},"end":{"line":57,"column":null}},"31":{"start":{"line":56,"column":8},"end":{"line":56,"column":null}},"32":{"start":{"line":60,"column":2},"end":{"line":60,"column":null}},"33":{"start":{"line":65,"column":2},"end":{"line":67,"column":null}},"34":{"start":{"line":66,"column":4},"end":{"line":66,"column":null}},"35":{"start":{"line":69,"column":8},"end":{"line":69,"column":null}},"36":{"start":{"line":70,"column":8},"end":{"line":70,"column":null}},"37":{"start":{"line":73,"column":2},"end":{"line":73,"column":null}},"38":{"start":{"line":73,"column":48},"end":{"line":73,"column":null}},"39":{"start":{"line":75,"column":2},"end":{"line":75,"column":null}}},"fnMap":{"0":{"name":"calculateDomainAngles","decl":{"start":{"line":5,"column":16},"end":{"line":5,"column":38}},"loc":{"start":{"line":5,"column":63},"end":{"line":27,"column":null}},"line":5},"1":{"name":"calculateFamilyPositions","decl":{"start":{"line":29,"column":16},"end":{"line":29,"column":null}},"loc":{"start":{"line":34,"column":2},"end":{"line":61,"column":null}},"line":34},"2":{"name":"(anonymous_2)","decl":{"start":{"line":49,"column":17},"end":{"line":49,"column":18}},"loc":{"start":{"line":49,"column":27},"end":{"line":58,"column":5}},"line":49},"3":{"name":"calculateEdgePathDistortion","decl":{"start":{"line":63,"column":16},"end":{"line":63,"column":44}},"loc":{"start":{"line":63,"column":108},"end":{"line":76,"column":null}},"line":63}},"branchMap":{"0":{"loc":{"start":{"line":8,"column":16},"end":{"line":8,"column":null}},"type":"binary-expr","locations":[{"start":{"line":8,"column":16},"end":{"line":8,"column":28}},{"start":{"line":8,"column":28},"end":{"line":8,"column":null}}],"line":8},"1":{"loc":{"start":{"line":9,"column":6},"end":{"line":9,"column":null}},"type":"if","locations":[{"start":{"line":9,"column":6},"end":{"line":9,"column":null}},{"start":{},"end":{}}],"line":9},"2":{"loc":{"start":{"line":44,"column":4},"end":{"line":44,"column":null}},"type":"if","locations":[{"start":{"line":44,"column":4},"end":{"line":44,"column":null}},{"start":{},"end":{}}],"line":44},"3":{"loc":{"start":{"line":44,"column":8},"end":{"line":44,"column":26}},"type":"binary-expr","locations":[{"start":{"line":44,"column":8},"end":{"line":44,"column":17}},{"start":{"line":44,"column":17},"end":{"line":44,"column":26}}],"line":44},"4":{"loc":{"start":{"line":47,"column":17},"end":{"line":47,"column":null}},"type":"cond-expr","locations":[{"start":{"line":47,"column":31},"end":{"line":47,"column":79}},{"start":{"line":47,"column":79},"end":{"line":47,"column":null}}],"line":47},"5":{"loc":{"start":{"line":55,"column":6},"end":{"line":57,"column":null}},"type":"if","locations":[{"start":{"line":55,"column":6},"end":{"line":57,"column":null}},{"start":{},"end":{}}],"line":55},"6":{"loc":{"start":{"line":63,"column":92},"end":{"line":63,"column":108}},"type":"default-arg","locations":[{"start":{"line":63,"column":103},"end":{"line":63,"column":108}}],"line":63},"7":{"loc":{"start":{"line":65,"column":2},"end":{"line":67,"column":null}},"type":"if","locations":[{"start":{"line":65,"column":2},"end":{"line":67,"column":null}},{"start":{},"end":{}}],"line":65},"8":{"loc":{"start":{"line":65,"column":6},"end":{"line":65,"column":78}},"type":"binary-expr","locations":[{"start":{"line":65,"column":6},"end":{"line":65,"column":15}},{"start":{"line":65,"column":15},"end":{"line":65,"column":22}},{"start":{"line":65,"column":22},"end":{"line":65,"column":52}},{"start":{"line":65,"column":52},"end":{"line":65,"column":78}}],"line":65},"9":{"loc":{"start":{"line":73,"column":2},"end":{"line":73,"column":null}},"type":"if","locations":[{"start":{"line":73,"column":2},"end":{"line":73,"column":null}},{"start":{},"end":{}}],"line":73},"10":{"loc":{"start":{"line":73,"column":6},"end":{"line":73,"column":48}},"type":"binary-expr","locations":[{"start":{"line":73,"column":6},"end":{"line":73,"column":28}},{"start":{"line":73,"column":28},"end":{"line":73,"column":48}}],"line":73}},"s":{"0":3,"1":3,"2":6,"3":6,"4":4,"5":6,"6":3,"7":3,"8":3,"9":3,"10":3,"11":4,"12":4,"13":4,"14":4,"15":4,"16":4,"17":3,"18":1,"19":1,"20":1,"21":2,"22":2,"23":2,"24":0,"25":2,"26":2,"27":3,"28":3,"29":3,"30":3,"31":3,"32":1,"33":1,"34":0,"35":1,"36":1,"37":1,"38":0,"39":1},"f":{"0":3,"1":1,"2":3,"3":1},"b":{"0":[6,0],"1":[4,2],"2":[0,2],"3":[2,2],"4":[2,0],"5":[3,0],"6":[1],"7":[0,1],"8":[1,1,1,1],"9":[0,1],"10":[1,1]},"meta":{"lastBranch":11,"lastFunction":4,"lastStatement":40,"seen":{"f:5:16:5:38":0,"s:6:22:6:Infinity":0,"s:7:4:11:Infinity":1,"s:8:16:8:Infinity":2,"b:8:16:8:28:8:28:8:Infinity":0,"b:9:6:9:Infinity:undefined:undefined:undefined:undefined":1,"s:9:6:9:Infinity":3,"s:9:29:9:Infinity":4,"s:10:6:10:Infinity":5,"s:12:20:12:Infinity":6,"s:14:19:14:Infinity":7,"s:15:22:15:Infinity":8,"s:16:26:16:Infinity":9,"s:18:4:25:Infinity":10,"s:19:20:19:Infinity":11,"s:20:21:20:Infinity":12,"s:21:20:21:Infinity":13,"s:22:18:22:Infinity":14,"s:23:6:23:Infinity":15,"s:24:6:24:Infinity":16,"s:26:4:26:Infinity":17,"f:29:16:29:Infinity":1,"s:35:20:35:Infinity":18,"s:37:21:37:Infinity":19,"s:39:2:59:Infinity":20,"s:40:17:40:Infinity":21,"s:41:19:41:Infinity":22,"b:44:4:44:Infinity:undefined:undefined:undefined:undefined":2,"s:44:4:44:Infinity":23,"b:44:8:44:17:44:17:44:26":3,"s:44:26:44:Infinity":24,"s:47:17:47:Infinity":25,"b:47:31:47:79:47:79:47:Infinity":4,"s:49:4:58:Infinity":26,"f:49:17:49:18":2,"s:50:20:50:Infinity":27,"s:51:16:51:Infinity":28,"s:52:16:52:Infinity":29,"b:55:6:57:Infinity:undefined:undefined:undefined:undefined":5,"s:55:6:57:Infinity":30,"s:56:8:56:Infinity":31,"s:60:2:60:Infinity":32,"f:63:16:63:44":3,"b:63:103:63:108":6,"b:65:2:67:Infinity:undefined:undefined:undefined:undefined":7,"s:65:2:67:Infinity":33,"b:65:6:65:15:65:15:65:22:65:22:65:52:65:52:65:78":8,"s:66:4:66:Infinity":34,"s:69:8:69:Infinity":35,"s:70:8:70:Infinity":36,"b:73:2:73:Infinity:undefined:undefined:undefined:undefined":9,"s:73:2:73:Infinity":37,"b:73:6:73:28:73:28:73:48":10,"s:73:48:73:Infinity":38,"s:75:2:75:Infinity":39}}}
}
